G:\code\python\logpro
进入app配置文件
Performing system checks...

路由开始加载
start_app的路由开始加载
System check identified no issues (0 silenced).
August 19, 2020 - 15:39:15
Django version 3.1, using settings 'logpro.settings'
Starting development server at http://127.0.0.1:8005/
Quit the server with CTRL-BREAK.
G:\code\python\logpro
进入app配置文件
G:\code\python\logpro
进入app配置文件
Performing system checks...

路由开始加载
start_app的路由开始加载
System check identified no issues (0 silenced).
August 19, 2020 - 15:40:20
Django version 3.1, using settings 'logpro.settings'
Starting development server at http://127.0.0.1:8005/
Quit the server with CTRL-BREAK.
G:\code\python\logpro
进入app配置文件
